Drill report for akkupack-ng.kicad_pcb
Created on 2024-05-24T10:29:54+0000

Copper Layer Stackup:
    =============================================================
    L1 :  F.Cu                      front
    L2 :  In1.Cu                    in1
    L3 :  In2.Cu                    in2
    L4 :  B.Cu                      back


Drill file 'akkupack-ng-PTH.drl' contains
    plated through holes:
    =============================================================
    T1  0.300mm  0.0118"  (84 holes)
    T2  0.600mm  0.0236"  (6 holes)  (with 6 slots)
    T3  0.650mm  0.0256"  (6 holes)  (with 6 slots)
    T4  0.800mm  0.0315"  (6 holes)
    T5  1.000mm  0.0394"  (19 holes)
    T6  1.150mm  0.0453"  (16 holes)
    T7  1.905mm  0.0750"  (12 holes)
    T8  3.200mm  0.1260"  (6 holes)

    Total plated holes count 155


Drill file 'akkupack-ng-NPTH.drl' contains
    unplated through holes:
    =============================================================
    T1  0.991mm  0.0390"  (3 holes)
    T2  2.375mm  0.0935"  (4 holes)

    Total unplated holes count 7
